<?xml version="1.0" encoding="UTF-8"?>
<testng-results skipped="0" failed="0" ignored="0" total="1" passed="1">
  <reporter-output>
  </reporter-output>
  <suite name="package1.Class3" duration-ms="13325" started-at="2022-03-11T11:21:30 IST" finished-at="2022-03-11T11:21:43 IST">
    <groups>
      <group name="regression">
        <method signature="Class3.m2()[pri:0, instance:package1.Class3@3632be31]" name="m2" class="package1.Class3"/>
      </group> <!-- regression -->
      <group name="smoke">
        <method signature="Class3.m2()[pri:0, instance:package1.Class3@3632be31]" name="m2" class="package1.Class3"/>
      </group> <!-- smoke -->
    </groups>
    <test name="Command line test" duration-ms="13325" started-at="2022-03-11T11:21:30 IST" finished-at="2022-03-11T11:21:43 IST">
      <class name="package1.Class3">
        <test-method status="PASS" signature="m2()[pri:0, instance:package1.Class3@3632be31]" name="m2" duration-ms="13291" started-at="2022-03-11T11:21:30 IST" finished-at="2022-03-11T11:21:43 IST">
          <reporter-output>
          </reporter-output>
        </test-method> <!-- m2 -->
      </class> <!-- package1.Class3 -->
    </test> <!-- Command line test -->
  </suite> <!-- package1.Class3 -->
</testng-results>
